<?xml version="1.0" encoding="UTF-8"?>
<!-- Generated by org.testng.reporters.JUnitXMLReporter -->
<testsuite ignored="0" hostname="SEB-DEANAS-LPT" failures="1" tests="1" name="Firefox1" time="73.304" errors="0" timestamp="2025-02-10T14:00:39 SAST">
  <testcase classname="UtilipayV2Hybrid.testCases.ValidLoginTest" name="valid_Login" time="37.657">
    <failure type="java.lang.AssertionError" message="Login failed with no error message displayed.">
      <![CDATA[java.lang.AssertionError: Login failed with no error message displayed.
at UtilipayV2Hybrid.testCases.ValidLoginTest.valid_Login(ValidLoginTest.java:48)
at java.base/java.util.ArrayList.forEach(ArrayList.java:1596)
at java.base/java.util.concurrent.FutureTask.run(FutureTask.java:317)
at java.base/java.util.concurrent.ThreadPoolExecutor.runWorker(ThreadPoolExecutor.java:1144)
at java.base/java.util.concurrent.ThreadPoolExecutor$Worker.run(ThreadPoolExecutor.java:642)
at java.base/java.lang.Thread.run(Thread.java:1583)
... Removed 16 stack frames]]>
    </failure>
  </testcase> <!-- valid_Login -->
</testsuite> <!-- Firefox1 -->
