<!DOCTYPE html PUBLIC "-//W3C//DTD XHTML 1.1//EN" "https://www.w3.org/TR/xhtml11/DTD/xhtml11.dtd">
<html xmlns="https://www.w3.org/1999/xhtml">
<head>
<meta http-equiv="content-type" content="text/html; charset=UTF-8"/>
<title>TestNG Report</title>
<style type="text/css">table {margin-bottom:10px;border-collapse:collapse;empty-cells:show}th,td {border:1px solid #009;padding:.25em .5em}th {vertical-align:bottom}td {vertical-align:top}table a {font-weight:bold}.stripe td {background-color: #E6EBF9}.num {text-align:right}.passedodd td {background-color: #3F3}.passedeven td {background-color: #0A0}.skippedodd td {background-color: #DDD}.skippedeven td {background-color: #CCC}.failedodd td,.attn {background-color: #F33}.failedeven td,.stripe .attn {background-color: #D00}.stacktrace {white-space:pre;font-family:monospace}.totop {font-size:85%;text-align:center;border-bottom:2px solid #000}.invisible {display:none}</style>
</head>
<body>
<table>
<tr><th>Test</th><th># Passed</th><th># Skipped</th><th># Retried</th><th># Failed</th><th>Time (ms)</th><th>Included Groups</th><th>Excluded Groups</th></tr>
<tr><th colspan="8">Suite</th></tr>
<tr><td><a href="#t0">Utilipay Version 2</a></td><td class="num">0</td><td class="num">0</td><td class="num attn">1</td><td class="num attn">1</td><td class="num">154Â 348</td><td></td><td></td></tr>
</table>
<table id='summary'><thead><tr><th>Class</th><th>Method</th><th>Start</th><th>Time (ms)</th></tr></thead><tbody><tr><th colspan="4">Suite</th></tr></tbody><tbody id="t0"><tr><th colspan="4">Utilipay Version 2 &#8212; failed</th></tr><tr class="failedeven"><td rowspan="1">UtilipayV2Hybrid.testCases.EngineeringTokens</td><td><a href="#m0">generateEngineeringTokens</a></td><td rowspan="1">1750766764431</td><td rowspan="1">10059</td></tr><tr><th colspan="4">Utilipay Version 2 &#8212; retried</th></tr><tr class="retriedeven"><td rowspan="1">UtilipayV2Hybrid.testCases.EngineeringTokens</td><td><a href="#m1">generateEngineeringTokens</a></td><td rowspan="1">1750766625403</td><td rowspan="1">139005</td></tr></tbody>
</table>
<h2>Utilipay Version 2</h2><h3 id="m0">UtilipayV2Hybrid.testCases.EngineeringTokens#generateEngineeringTokens</h3><table class="result"><tr><th>Exception</th></tr><tr><td><div class="stacktrace">org.openqa.selenium.NoSuchElementException: no such element: Unable to locate element: {&quot;method&quot;:&quot;xpath&quot;,&quot;selector&quot;:&quot;//input[@id=&apos;Input_Email&apos;]&quot;}
  (Session info: chrome=137.0.7151.120)
For documentation on this error, please visit: https://www.selenium.dev/documentation/webdriver/troubleshooting/errors#no-such-element-exception
Build info: version: &apos;4.33.0&apos;, revision: &apos;2c6aaad03a&apos;
System info: os.name: &apos;Windows 11&apos;, os.arch: &apos;amd64&apos;, os.version: &apos;10.0&apos;, java.version: &apos;21.0.4&apos;
Driver info: org.openqa.selenium.chrome.ChromeDriver
Command: [beb6b866c319071466b69609fdd393e2, findElement {using=xpath, value=//input[@id=&apos;Input_Email&apos;]}]
Capabilities {acceptInsecureCerts: false, browserName: chrome, browserVersion: 137.0.7151.120, chrome: {chromedriverVersion: 137.0.7151.119 (e0ac9d12dff..., userDataDir: C:\Users\DEAN~1.ASC\AppData...}, fedcm:accounts: true, goog:chromeOptions: {debuggerAddress: localhost:63939}, networkConnectionEnabled: false, pageLoadStrategy: normal, platformName: windows, proxy: Proxy(), se:cdp: ws://localhost:63939/devtoo..., se:cdpVersion: 137.0.7151.120, setWindowRect: true, strictFileInteractability: false, timeouts: {implicit: 0, pageLoad: 300000, script: 30000}, unhandledPromptBehavior: dismiss and notify, webauthn:extension:credBlob: true, webauthn:extension:largeBlob: true, webauthn:extension:minPinLength: true, webauthn:extension:prf: true, webauthn:virtualAuthenticators: true}
Session ID: beb6b866c319071466b69609fdd393e2
	at org.openqa.selenium.remote.ErrorCodec.decode(ErrorCodec.java:167)
	at org.openqa.selenium.remote.codec.w3c.W3CHttpResponseCodec.decode(W3CHttpResponseCodec.java:138)
	at org.openqa.selenium.remote.codec.w3c.W3CHttpResponseCodec.decode(W3CHttpResponseCodec.java:50)
	at org.openqa.selenium.remote.HttpCommandExecutor.execute(HttpCommandExecutor.java:215)
	at org.openqa.selenium.remote.service.DriverCommandExecutor.invokeExecute(DriverCommandExecutor.java:216)
	at org.openqa.selenium.remote.service.DriverCommandExecutor.execute(DriverCommandExecutor.java:174)
	at org.openqa.selenium.remote.RemoteWebDriver.execute(RemoteWebDriver.java:544)
	at org.openqa.selenium.remote.ElementLocation$ElementFinder$2.findElement(ElementLocation.java:165)
	at org.openqa.selenium.remote.ElementLocation.findElement(ElementLocation.java:59)
	at org.openqa.selenium.remote.RemoteWebDriver.findElement(RemoteWebDriver.java:367)
	at org.openqa.selenium.remote.RemoteWebDriver.findElement(RemoteWebDriver.java:361)
	at org.openqa.selenium.support.pagefactory.DefaultElementLocator.findElement(DefaultElementLocator.java:68)
	at org.openqa.selenium.support.pagefactory.internal.LocatingElementHandler.invoke(LocatingElementHandler.java:38)
	at jdk.proxy2/jdk.proxy2.$Proxy30.sendKeys(Unknown Source)
	at pageObject.LoginPage.email(LoginPage.java:36)
	at UtilipayV2Hybrid.testCases.EngineeringTokens.generateEngineeringTokens(EngineeringTokens.java:31)
	at java.base/java.util.ArrayList.forEach(ArrayList.java:1596)
... Removed 28 stack frames</div></td></tr></table><p class="totop"><a href="#summary">back to summary</a></p>
<h3 id="m1">UtilipayV2Hybrid.testCases.EngineeringTokens#generateEngineeringTokens</h3><table class="result"><tr><th>Exception</th></tr><tr><td><div class="stacktrace">java.lang.AssertionError: The following asserts failed:
	Invalid message for: encrypt credit token expected [Your file has been successfully uploaded. You will receive an email notification once the processing is complete.] but found [CSV file is valid. Please click &apos;Process File&apos; to continue.],
	Invalid message for: verify encrypted token expected [Your file has been successfully uploaded. You will receive an email notification once the processing is complete.] but found [CSV file is valid. Please click &apos;Process File&apos; to continue.],
	Invalid message for: manufacturing token expected [Your file has been successfully uploaded. You will receive an email notification once the processing is complete.] but found [CSV file is valid. Please click &apos;Process File&apos; to continue.],
	Invalid message for: manufacturing key change token expected [Your file has been successfully uploaded. You will receive an email notification once the processing is complete.] but found [CSV file is valid. Please click &apos;Process File&apos; to continue.],
	Invalid message for: manufacturing mngt function token expected [Your file has been successfully uploaded. You will receive an email notification once the processing is complete.] but found [CSV file is valid. Please click &apos;Process File&apos; to continue.],
	Invalid message for: key change token expected [Your file has been successfully uploaded. You will receive an email notification once the processing is complete.] but found [CSV file is valid. Please click &apos;Process File&apos; to continue.],
	Invalid message for: management function token expected [Your file has been successfully uploaded. You will receive an email notification once the processing is complete.] but found [CSV file is valid. Please click &apos;Process File&apos; to continue.]
	at UtilipayV2Hybrid.testCases.EngineeringTokens.generateEngineeringTokens(EngineeringTokens.java:71)
	at java.base/java.util.ArrayList.forEach(ArrayList.java:1596)
... Removed 27 stack frames</div></td></tr></table><p class="totop"><a href="#summary">back to summary</a></p>
</body>
</html>
