<?xml version="1.0" encoding="UTF-8"?>
<!-- Generated by org.testng.reporters.JUnitReportReporter -->
<testsuite hostname="SEB-DEANAS-LPT" failures="1" tests="2" name="UtilipayV2Hybrid.testCases.Verify_StepThrough_PrepaidTariffUnits_WithFreeBasic" time="51.327" errors="0" timestamp="2025-07-02T08:40:02 SAST" skipped="1">
  <testcase classname="UtilipayV2Hybrid.testCases.Verify_StepThrough_PrepaidTariffUnits_WithFreeBasic" name="verifyUnitsAndFreeBasic" time="24.822">
    <failure message="The following asserts failed:
	Purchase 2: Unexpected free basic token on a non-first purchase.,
	Purchase 3: Unexpected free basic token on a non-first purchase." type="java.lang.AssertionError">
      <![CDATA[java.lang.AssertionError: The following asserts failed:
Purchase 2: Unexpected free basic token on a non-first purchase.,
Purchase 3: Unexpected free basic token on a non-first purchase.
at org.testng.asserts.SoftAssert.assertAll(SoftAssert.java:47)
at org.testng.asserts.SoftAssert.assertAll(SoftAssert.java:31)
at UtilipayV2Hybrid.testCases.Verify_StepThrough_PrepaidTariffUnits_WithFreeBasic.verifyUnitsAndFreeBasic(Verify_StepThrough_PrepaidTariffUnits_WithFreeBasic.java:138)
at java.base/jdk.internal.reflect.DirectMethodHandleAccessor.invoke(DirectMethodHandleAccessor.java:103)
at java.base/java.lang.reflect.Method.invoke(Method.java:580)
at org.testng.internal.MethodInvocationHelper.invokeMethod(MethodInvocationHelper.java:133)
at org.testng.internal.TestInvoker.invokeMethod(TestInvoker.java:598)
at org.testng.internal.TestInvoker.retryFailed(TestInvoker.java:213)
at org.testng.internal.MethodRunner.runInSequence(MethodRunner.java:58)
at org.testng.internal.TestInvoker$MethodInvocationAgent.invoke(TestInvoker.java:824)
at org.testng.internal.TestInvoker.invokeTestMethods(TestInvoker.java:146)
at org.testng.internal.TestMethodWorker.invokeTestMethods(TestMethodWorker.java:146)
at org.testng.internal.TestMethodWorker.run(TestMethodWorker.java:128)
at java.base/java.util.ArrayList.forEach(ArrayList.java:1596)
at org.testng.TestRunner.privateRun(TestRunner.java:794)
at org.testng.TestRunner.run(TestRunner.java:596)
at org.testng.SuiteRunner.runTest(SuiteRunner.java:377)
at org.testng.SuiteRunner.runSequentially(SuiteRunner.java:371)
at org.testng.SuiteRunner.privateRun(SuiteRunner.java:332)
at org.testng.SuiteRunner.run(SuiteRunner.java:276)
at org.testng.SuiteRunnerWorker.runSuite(SuiteRunnerWorker.java:53)
at org.testng.SuiteRunnerWorker.run(SuiteRunnerWorker.java:96)
at org.testng.TestNG.runSuitesSequentially(TestNG.java:1212)
at org.testng.TestNG.runSuitesLocally(TestNG.java:1134)
at org.testng.TestNG.runSuites(TestNG.java:1063)
at org.testng.TestNG.run(TestNG.java:1031)
at org.testng.remote.AbstractRemoteTestNG.run(AbstractRemoteTestNG.java:115)
at org.testng.remote.RemoteTestNG.initAndRun(RemoteTestNG.java:293)
at org.testng.remote.RemoteTestNG.main(RemoteTestNG.java:91)
]]>
    </failure>
  </testcase> <!-- verifyUnitsAndFreeBasic -->
  <system-out/>
  <testcase classname="UtilipayV2Hybrid.testCases.Verify_StepThrough_PrepaidTariffUnits_WithFreeBasic" name="verifyUnitsAndFreeBasic" time="26.505">
    <skipped/>
  </testcase> <!-- verifyUnitsAndFreeBasic -->
  <system-out/>
</testsuite> <!-- UtilipayV2Hybrid.testCases.Verify_StepThrough_PrepaidTariffUnits_WithFreeBasic -->
